<?xml version="1.0" encoding="UTF-8"?>
<!-- Generated by org.testng.reporters.JUnitXMLReporter -->
<testsuite ignored="0" hostname="DESKTOP-Q6BT040" failures="0" tests="5" name="Default test" time="0.057" errors="0" timestamp="2024-10-04T15:28:33 IST">
  <testcase classname="day25.CountExample$Countsexample" name="newone" time="0.007"/>
  <testcase classname="day25.CountExample$Countsexample" name="newone" time="0.001"/>
  <testcase classname="day25.CountExample$Countsexample" name="newone" time="0.001"/>
  <testcase classname="day25.CountExample$Countsexample" name="newone" time="0.0"/>
  <testcase classname="day25.CountExample$Countsexample" name="newone" time="0.001"/>
</testsuite> <!-- Default test -->
