<?xml version="1.0" encoding="UTF-8"?>
<!-- Generated by org.testng.reporters.JUnitXMLReporter -->
<testsuite ignored="1" hostname="DESKTOP-Q6BT040" failures="0" tests="2" name="GRP-Smoke" time="0.057" errors="0" timestamp="2024-10-04T13:07:08 IST">
  <testcase classname="day24.GroupingCase" name="test" time="0.006"/>
  <testcase classname="day24.GroupingCase" name="test2" time="0.001"/>
  <testcase classname="day24.GroupingCase" name="test1" time="0.0">
    <ignored/>
  </testcase> <!-- test1 -->
</testsuite> <!-- GRP-Smoke -->
