<?xml version="1.0" encoding="UTF-8"?>
<!-- Generated by org.testng.reporters.JUnitXMLReporter -->
<testsuite ignored="2" hostname="DESKTOP-Q6BT040" failures="0" tests="3" name="GRP-Regression" time="0.072" errors="0" timestamp="2024-10-04T13:09:13 IST">
  <testcase classname="day24.GroupingCase" name="test1" time="0.009"/>
  <testcase classname="day24.GroupingCase" name="test3" time="0.001"/>
  <testcase classname="day24.GroupingCase" name="test4" time="0.001"/>
  <testcase classname="day24.GroupingCase" name="test2" time="0.0">
    <ignored/>
  </testcase> <!-- test2 -->
  <testcase classname="day24.GroupingCase" name="test" time="0.0">
    <ignored/>
  </testcase> <!-- test -->
</testsuite> <!-- GRP-Regression -->
