<?xml version="1.0" encoding="UTF-8"?>
<testng-results ignored="0" total="5" passed="5" failed="0" skipped="0">
  <reporter-output>
  </reporter-output>
  <suite started-at="2024-10-04T15:28:33 IST" name="Default suite" finished-at="2024-10-04T15:28:33 IST" duration-ms="57">
    <groups>
    </groups>
    <test started-at="2024-10-04T15:28:33 IST" name="Default test" finished-at="2024-10-04T15:28:33 IST" duration-ms="57">
      <class name="day25.CountExample$Countsexample">
        <test-method signature="newone()[pri:0, instance:day25.CountExample$Countsexample@3012646b]" started-at="2024-10-04T15:28:33 IST" name="newone" finished-at="2024-10-04T15:28:33 IST" duration-ms="7" status="PASS">
          <reporter-output>
          </reporter-output>
        </test-method> <!-- newone -->
        <test-method signature="newone()[pri:0, instance:day25.CountExample$Countsexample@3012646b]" started-at="2024-10-04T15:28:33 IST" name="newone" finished-at="2024-10-04T15:28:33 IST" duration-ms="1" status="PASS">
          <reporter-output>
          </reporter-output>
        </test-method> <!-- newone -->
        <test-method signature="newone()[pri:0, instance:day25.CountExample$Countsexample@3012646b]" started-at="2024-10-04T15:28:33 IST" name="newone" finished-at="2024-10-04T15:28:33 IST" duration-ms="1" status="PASS">
          <reporter-output>
          </reporter-output>
        </test-method> <!-- newone -->
        <test-method signature="newone()[pri:0, instance:day25.CountExample$Countsexample@3012646b]" started-at="2024-10-04T15:28:33 IST" name="newone" finished-at="2024-10-04T15:28:33 IST" duration-ms="0" status="PASS">
          <reporter-output>
          </reporter-output>
        </test-method> <!-- newone -->
        <test-method signature="newone()[pri:0, instance:day25.CountExample$Countsexample@3012646b]" started-at="2024-10-04T15:28:33 IST" name="newone" finished-at="2024-10-04T15:28:33 IST" duration-ms="1" status="PASS">
          <reporter-output>
          </reporter-output>
        </test-method> <!-- newone -->
      </class> <!-- day25.CountExample$Countsexample -->
    </test> <!-- Default test -->
  </suite> <!-- Default suite -->
</testng-results>
